<?xml version="1.0" encoding="UTF-8"?>
<testsuite name="StartupTests" tests="1" skipped="0" failures="0" errors="0" timestamp="2021-08-29T15:36:50" hostname="THEVAPEFACTORY" time="1.251">
  <properties/>
  <testcase name="checkEnvironmentVariables()" classname="StartupTests" time="1.251"/>
  <system-out><![CDATA[2021-08-29 17:36:50,948 Test worker DEBUG Apache Log4j Core 2.14.1 initializing configuration XmlConfiguration[location=C:\Users\WeedPot\Desktop\Reactor\build\resources\main\log4j2.xml]
2021-08-29 17:36:50,953 Test worker DEBUG Installed 0 script engines
2021-08-29 17:36:50,957 Test worker DEBUG Took 0.002559 seconds to load 0 plugins from package org.apache.logging.log4j.test
2021-08-29 17:36:50,957 Test worker DEBUG PluginManager 'Core' found 122 plugins
2021-08-29 17:36:50,957 Test worker DEBUG PluginManager 'Level' found 0 plugins
2021-08-29 17:36:50,961 Test worker DEBUG Building Plugin[name=property, class=org.apache.logging.log4j.core.config.Property].
2021-08-29 17:36:50,968 Test worker DEBUG PluginManager 'TypeConverter' found 26 plugins
2021-08-29 17:36:50,973 Test worker DEBUG createProperty(name="filename", value="target/test.log")
2021-08-29 17:36:50,973 Test worker DEBUG Building Plugin[name=properties, class=org.apache.logging.log4j.core.config.PropertiesPlugin].
2021-08-29 17:36:50,976 Test worker DEBUG configureSubstitutor(={filename=target/test.log}, Configuration(XMLConfigTest))
2021-08-29 17:36:50,977 Test worker DEBUG PluginManager 'Lookup' found 16 plugins
2021-08-29 17:36:50,977 Test worker DEBUG Building Plugin[name=filter, class=org.apache.logging.log4j.core.filter.ThresholdFilter].
2021-08-29 17:36:50,979 Test worker DEBUG createFilter(level="TRACE", onMatch="null", onMismatch="null")
2021-08-29 17:36:50,980 Test worker DEBUG Building Plugin[name=layout, class=org.apache.logging.log4j.core.layout.PatternLayout].
2021-08-29 17:36:50,984 Test worker DEBUG PatternLayout$Builder(pattern="%m MDC%X%n", PatternSelector=null, Configuration(XMLConfigTest), Replace=null, charset="null", alwaysWriteExceptions="null", disableAnsi="null", noConsoleNoAnsi="null", header="null", footer="null")
2021-08-29 17:36:50,984 Test worker DEBUG PluginManager 'Converter' found 44 plugins
2021-08-29 17:36:50,985 Test worker DEBUG Building Plugin[name=filter, class=org.apache.logging.log4j.core.filter.MarkerFilter].
2021-08-29 17:36:50,986 Test worker DEBUG createFilter(marker="FLOW", onMatch="DENY", onMismatch="NEUTRAL")
2021-08-29 17:36:50,986 Test worker DEBUG Building Plugin[name=filter, class=org.apache.logging.log4j.core.filter.MarkerFilter].
2021-08-29 17:36:50,987 Test worker DEBUG createFilter(marker="EXCEPTION", onMatch="DENY", onMismatch="ACCEPT")
2021-08-29 17:36:50,987 Test worker DEBUG Building Plugin[name=filters, class=org.apache.logging.log4j.core.filter.CompositeFilter].
2021-08-29 17:36:50,988 Test worker DEBUG createFilters(={FLOW, EXCEPTION})
2021-08-29 17:36:50,988 Test worker DEBUG Building Plugin[name=appender, class=org.apache.logging.log4j.core.appender.ConsoleAppender].
2021-08-29 17:36:50,993 Test worker DEBUG ConsoleAppender$Builder(target="null", follow="null", direct="null", bufferedIo="null", bufferSize="null", immediateFlush="null", ignoreExceptions="null", PatternLayout(%m MDC%X%n), name="STDOUT", Configuration(XMLConfigTest), Filters({FLOW, EXCEPTION}), ={})
2021-08-29 17:36:50,995 Test worker DEBUG Starting OutputStreamManager SYSTEM_OUT.false.false
2021-08-29 17:36:50,995 Test worker DEBUG Building Plugin[name=layout, class=org.apache.logging.log4j.core.layout.PatternLayout].
2021-08-29 17:36:50,996 Test worker DEBUG PatternLayout$Builder(pattern="%C{1}.%M %m %ex%n", PatternSelector=null, Configuration(XMLConfigTest), Replace=null, charset="null", alwaysWriteExceptions="null", disableAnsi="null", noConsoleNoAnsi="null", header="null", footer="null")
2021-08-29 17:36:50,996 Test worker DEBUG Building Plugin[name=filter, class=org.apache.logging.log4j.core.filter.MarkerFilter].
2021-08-29 17:36:50,997 Test worker DEBUG createFilter(marker="FLOW", onMatch="ACCEPT", onMismatch="NEUTRAL")
2021-08-29 17:36:50,997 Test worker DEBUG Building Plugin[name=filter, class=org.apache.logging.log4j.core.filter.MarkerFilter].
2021-08-29 17:36:50,998 Test worker DEBUG createFilter(marker="EXCEPTION", onMatch="ACCEPT", onMismatch="DENY")
2021-08-29 17:36:50,998 Test worker DEBUG Building Plugin[name=filters, class=org.apache.logging.log4j.core.filter.CompositeFilter].
2021-08-29 17:36:50,998 Test worker DEBUG createFilters(={FLOW, EXCEPTION})
2021-08-29 17:36:50,999 Test worker DEBUG Building Plugin[name=appender, class=org.apache.logging.log4j.core.appender.ConsoleAppender].
2021-08-29 17:36:50,999 Test worker DEBUG ConsoleAppender$Builder(target="null", follow="null", direct="null", bufferedIo="null", bufferSize="null", immediateFlush="null", ignoreExceptions="null", PatternLayout(%C{1}.%M %m %ex%n), name="FLOW", Configuration(XMLConfigTest), Filters({FLOW, EXCEPTION}), ={})
2021-08-29 17:36:51,001 Test worker DEBUG Building Plugin[name=layout, class=org.apache.logging.log4j.core.layout.PatternLayout].
2021-08-29 17:36:51,001 Test worker DEBUG PatternLayout$Builder(pattern="%d %p %C{1.} [%t] %m%n", PatternSelector=null, Configuration(XMLConfigTest), Replace=null, charset="null", alwaysWriteExceptions="null", disableAnsi="null", noConsoleNoAnsi="null", header="null", footer="null")
2021-08-29 17:36:51,009 Test worker DEBUG Building Plugin[name=appender, class=org.apache.logging.log4j.core.appender.FileAppender].
2021-08-29 17:36:51,012 Test worker DEBUG FileAppender$Builder(fileName="target/test.log", append="null", locking="null", advertise="null", advertiseUri="null", createOnDemand="null", filePermissions="null", fileOwner="null", fileGroup="null", bufferedIo="null", bufferSize="null", immediateFlush="null", ignoreExceptions="null", PatternLayout(%d %p %C{1.} [%t] %m%n), name="File", Configuration(XMLConfigTest), Filter=null, ={})
2021-08-29 17:36:51,013 Test worker DEBUG Starting FileManager target/test.log
2021-08-29 17:36:51,014 Test worker DEBUG Building Plugin[name=appenders, class=org.apache.logging.log4j.core.config.AppendersPlugin].
2021-08-29 17:36:51,014 Test worker DEBUG createAppenders(={STDOUT, FLOW, File})
2021-08-29 17:36:51,015 Test worker DEBUG Building Plugin[name=AppenderRef, class=org.apache.logging.log4j.core.config.AppenderRef].
2021-08-29 17:36:51,015 Test worker DEBUG createAppenderRef(ref="STDOUT", level="null", Filter=null)
2021-08-29 17:36:51,016 Test worker DEBUG Building Plugin[name=root, class=org.apache.logging.log4j.core.config.LoggerConfig$RootLogger].
2021-08-29 17:36:51,017 Test worker DEBUG createLogger(additivity="null", level="INFO", includeLocation="null", ={STDOUT}, ={}, Configuration(XMLConfigTest), Filter=null)
2021-08-29 17:36:51,019 Test worker DEBUG Building Plugin[name=loggers, class=org.apache.logging.log4j.core.config.LoggersPlugin].
2021-08-29 17:36:51,020 Test worker DEBUG createLoggers(={root})
2021-08-29 17:36:51,020 Test worker DEBUG Configuration XmlConfiguration[location=C:\Users\WeedPot\Desktop\Reactor\build\resources\main\log4j2.xml] initialized
2021-08-29 17:36:51,020 Test worker DEBUG Starting configuration XmlConfiguration[location=C:\Users\WeedPot\Desktop\Reactor\build\resources\main\log4j2.xml]
2021-08-29 17:36:51,021 Test worker DEBUG Started configuration XmlConfiguration[location=C:\Users\WeedPot\Desktop\Reactor\build\resources\main\log4j2.xml] OK.
2021-08-29 17:36:51,021 Test worker DEBUG Shutting down OutputStreamManager SYSTEM_OUT.false.false-1
2021-08-29 17:36:51,022 Test worker DEBUG OutputStream closed
2021-08-29 17:36:51,022 Test worker DEBUG Shut down OutputStreamManager SYSTEM_OUT.false.false-1, all resources released: true
2021-08-29 17:36:51,022 Test worker DEBUG Appender DefaultConsole-1 stopped with status true
2021-08-29 17:36:51,022 Test worker DEBUG Stopped org.apache.logging.log4j.core.config.DefaultConfiguration@2f6c8bd5 OK
2021-08-29 17:36:51,062 Test worker DEBUG Registering MBean org.apache.logging.log4j2:type=73d16e93
2021-08-29 17:36:51,063 Test worker DEBUG Registering MBean org.apache.logging.log4j2:type=73d16e93,component=StatusLogger
2021-08-29 17:36:51,065 Test worker DEBUG Registering MBean org.apache.logging.log4j2:type=73d16e93,component=ContextSelector
2021-08-29 17:36:51,066 Test worker DEBUG Registering MBean org.apache.logging.log4j2:type=73d16e93,component=Loggers,name=
2021-08-29 17:36:51,067 Test worker DEBUG Registering MBean org.apache.logging.log4j2:type=73d16e93,component=Appenders,name=STDOUT
2021-08-29 17:36:51,068 Test worker DEBUG Registering MBean org.apache.logging.log4j2:type=73d16e93,component=Appenders,name=File
2021-08-29 17:36:51,068 Test worker DEBUG Registering MBean org.apache.logging.log4j2:type=73d16e93,component=Appenders,name=FLOW
2021-08-29 17:36:51,069 Test worker DEBUG org.apache.logging.log4j.core.util.SystemClock supports precise timestamps.
2021-08-29 17:36:51,070 Test worker DEBUG Reconfiguration complete for context[name=73d16e93] at URI C:\Users\WeedPot\Desktop\Reactor\build\resources\main\log4j2.xml (org.apache.logging.log4j.core.LoggerContext@2dc02a9) with optional ClassLoader: null
2021-08-29 17:36:51,070 Test worker DEBUG Shutdown hook enabled. Registering a new one.
2021-08-29 17:36:51,071 Test worker DEBUG LoggerContext[name=73d16e93, org.apache.logging.log4j.core.LoggerContext@2dc02a9] started OK.
Login Successful! MDC{}
]]></system-out>
  <system-err><![CDATA[]]></system-err>
</testsuite>
